{"name": "test_search_without_entering_any_product", "status": "failed", "statusDetails": {"message": "AssertionError: assert False\n +  where False = <method-wrapper '__eq__' of str object at 0x00000210B1237990>('There is no product that matches the search criteria.A')\n +    where <method-wrapper '__eq__' of str object at 0x00000210B1237990> = 'There is no product that matches the search criteria.'.__eq__\n +      where 'There is no product that matches the search criteria.' = retrieve_no_product_message()\n +        where retrieve_no_product_message = <pages.SearchPage.SearchPage object at 0x00000210B120BB10>.retrieve_no_product_message", "trace": "self = <tests.test_Search.TestSearch object at 0x00000210B1260E90>\n\n    def test_search_without_entering_any_product(self):\n        home_page = HomePage(self.driver)\n        search_page = home_page.search_for_a_product(\"\")\n        expected_text = \"There is no product that matches the search criteria.A\"\n>       assert search_page.retrieve_no_product_message().__eq__(expected_text)\nE       AssertionError: assert False\nE        +  where False = <method-wrapper '__eq__' of str object at 0x00000210B1237990>('There is no product that matches the search criteria.A')\nE        +    where <method-wrapper '__eq__' of str object at 0x00000210B1237990> = 'There is no product that matches the search criteria.'.__eq__\nE        +      where 'There is no product that matches the search criteria.' = retrieve_no_product_message()\nE        +        where retrieve_no_product_message = <pages.SearchPage.SearchPage object at 0x00000210B120BB10>.retrieve_no_product_message\n\ntests\\test_Search.py:25: AssertionError"}, "start": 1729492633320, "stop": 1729492633914, "uuid": "c02052d8-4ef0-4128-930a-9cef41ace14c", "historyId": "05faa69b42346d7fd4713a5dbe872b45", "testCaseId": "05faa69b42346d7fd4713a5dbe872b45", "fullName": "tests.test_Search.TestSearch#test_search_without_entering_any_product", "labels": [{"name": "tag", "value": "@pytest.mark.usefixtures('setup_and_teardown', 'log_on_failure')"}, {"name": "parentSuite", "value": "tests"}, {"name": "suite", "value": "test_Search"}, {"name": "subSuite", "value": "TestSearch"}, {"name": "host", "value": "FU-CORP002684"}, {"name": "thread", "value": "25608-MainThread"}, {"name": "framework", "value": "pytest"}, {"name": "language", "value": "cpython3"}, {"name": "package", "value": "tests.test_Search"}]}